Flutter crash report.
Please report a bug at https://github.com/flutter/flutter/issues.

## command

flutter run --machine --start-paused -d chrome --dart-define=flutter.inspector.structuredErrors=true --web-allow-expose-url --devtools-server-address http://127.0.0.1:9100/ --target lib\main.dart

## exception

StateError: Bad state: Cannot add event after closing

```
#0      _StreamController.add (dart:async/stream_controller.dart:553:24)
#1      _StreamSinkWrapper.add (dart:async/stream_controller.dart:826:13)
#2      AppConnection.runMain (package:dwds/src/connections/app_connection.dart:33:22)
#3      WebDevFS.connect.<anonymous closure> (package:flutter_tools/src/isolated/devfs_web.dart:669:25)
<asynchronous suspension>
```

## flutter doctor

```
[✓] Flutter (Channel stable, 2.2.3, on Microsoft Windows [Version 10.0.19041.1052], locale en-AE)
    • Flutter version 2.2.3 at F:\Programs\flutter
    • Framework revision f4abaa0735 (6 days ago), 2021-07-01 12:46:11 -0700
    • Engine revision 241c87ad80
    • Dart version 2.13.4

[✓] Android toolchain - develop for Android devices (Android SDK version 30.0.3)
    • Android SDK at F:\Programs\SDK
    • Platform android-30, build-tools 30.0.3
    • ANDROID_HOME = F:\Programs\SDK
    • Java binary at: F:\Programs\Android\jre\bin\java
    • Java version OpenJDK Runtime Environment (build 1.8.0_242-release-1644-b01)
    • All Android licenses accepted.

[✓] Chrome - develop for the web
    • Chrome at C:\Program Files (x86)\Google\Chrome\Application\chrome.exe

[✓] Android Studio (version 4.1.0)
    • Android Studio at F:\Programs\Android
    • Flutter plugin can be installed from:
      🔨 https://plugins.jetbrains.com/plugin/9212-flutter
    • Dart plugin can be installed from:
      🔨 https://plugins.jetbrains.com/plugin/6351-dart
    • Java version OpenJDK Runtime Environment (build 1.8.0_242-release-1644-b01)

[✓] Connected device (2 available)
    • Chrome (web) • chrome • web-javascript • Google Chrome 91.0.4472.124
    • Edge (web)   • edge   • web-javascript • Microsoft Edge 91.0.864.64

• No issues found!
```
